c:\users\dengu\source\repos\lab_5.4\lab_5.4\x64\debug\vc143.pdb
c:\users\dengu\source\repos\lab_5.4\lab_5.4\x64\debug\vc143.idb
c:\users\dengu\source\repos\lab_5.4\lab_5.4\x64\debug\source.obj
c:\users\dengu\source\repos\lab_5.4\x64\debug\lab_5.4.pdb
c:\users\dengu\source\repos\lab_5.4\lab_5.4\x64\debug\lab_5.4.tlog\cl.command.1.tlog
c:\users\dengu\source\repos\lab_5.4\lab_5.4\x64\debug\lab_5.4.tlog\cl.read.1.tlog
c:\users\dengu\source\repos\lab_5.4\lab_5.4\x64\debug\lab_5.4.tlog\cl.write.1.tlog
c:\users\dengu\source\repos\lab_5.4\lab_5.4\x64\debug\lab_5.4.tlog\link-cvtres.read.1.tlog
c:\users\dengu\source\repos\lab_5.4\lab_5.4\x64\debug\lab_5.4.tlog\link-cvtres.write.1.tlog
c:\users\dengu\source\repos\lab_5.4\lab_5.4\x64\debug\lab_5.4.tlog\link-rc.read.1.tlog
c:\users\dengu\source\repos\lab_5.4\lab_5.4\x64\debug\lab_5.4.tlog\link-rc.write.1.tlog
c:\users\dengu\source\repos\lab_5.4\lab_5.4\x64\debug\lab_5.4.tlog\link.5640-cvtres.read.1.tlog
c:\users\dengu\source\repos\lab_5.4\lab_5.4\x64\debug\lab_5.4.tlog\link.5640-cvtres.write.1.tlog
c:\users\dengu\source\repos\lab_5.4\lab_5.4\x64\debug\lab_5.4.tlog\link.5640-rc.read.1.tlog
c:\users\dengu\source\repos\lab_5.4\lab_5.4\x64\debug\lab_5.4.tlog\link.5640-rc.write.1.tlog
c:\users\dengu\source\repos\lab_5.4\lab_5.4\x64\debug\lab_5.4.tlog\link.5640.read.1.tlog
c:\users\dengu\source\repos\lab_5.4\lab_5.4\x64\debug\lab_5.4.tlog\link.5640.read.2.tlog
c:\users\dengu\source\repos\lab_5.4\lab_5.4\x64\debug\lab_5.4.tlog\link.5640.write.1.tlog
c:\users\dengu\source\repos\lab_5.4\lab_5.4\x64\debug\lab_5.4.tlog\link.command.1.tlog
c:\users\dengu\source\repos\lab_5.4\lab_5.4\x64\debug\lab_5.4.tlog\link.read.1.tlog
c:\users\dengu\source\repos\lab_5.4\lab_5.4\x64\debug\lab_5.4.tlog\link.read.2.tlog
c:\users\dengu\source\repos\lab_5.4\lab_5.4\x64\debug\lab_5.4.tlog\link.write.1.tlog
